<?xml version="1.0" encoding="UTF-8"?>
<!-- Generated by org.testng.reporters.JUnitXMLReporter -->
<testsuite ignored="3" hostname="LAPTOP-8I0U4VIC" failures="0" tests="1" name="Default test" time="33.172" errors="0" timestamp="15 Nov 2020 06:07:47 GMT">
  <testcase classname="com.crm.qa.testcases.Contactspagetest" name="verifycontactspagelabeltest" time="0.092"/>
  <testcase classname="com.crm.qa.testcases.Contactspagetest" name="selectsinglecontactstest" time="0.0">
    <ignored/>
  </testcase> <!-- selectsinglecontactstest -->
  <testcase classname="com.crm.qa.testcases.Contactspagetest" name="validatecreatenewcontact" time="0.0">
    <ignored/>
  </testcase> <!-- validatecreatenewcontact -->
  <testcase classname="com.crm.qa.testcases.Contactspagetest" name="selectmultiplecontactstest" time="0.0">
    <ignored/>
  </testcase> <!-- selectmultiplecontactstest -->
</testsuite> <!-- Default test -->
